<?xml version="1.0" encoding="UTF-8"?>
<testng-results ignored="0" total="1" passed="1" failed="0" skipped="0">
  <reporter-output>
  </reporter-output>
  <suite started-at="2026-02-25T01:50:59 CET" name="Suite" finished-at="2026-02-25T01:52:00 CET" duration-ms="60359">
    <groups>
    </groups>
    <test started-at="2026-02-25T01:50:59 CET" name="JPEGmini" finished-at="2026-02-25T01:52:00 CET" duration-ms="60359">
      <class name="JpegMiniTest">
        <test-method is-config="true" signature="setup()[pri:0, instance:JpegMiniTest@5876a9af]" started-at="2026-02-25T01:50:59 CET" name="setup" finished-at="2026-02-25T01:51:01 CET" duration-ms="1145" status="PASS">
          <reporter-output>
          </reporter-output>
        </test-method> <!-- setup -->
        <test-method signature="compressVideo_and_download_and_verify_sizes()[pri:0, instance:JpegMiniTest@5876a9af]" started-at="2026-02-25T01:51:01 CET" name="compressVideo_and_download_and_verify_sizes" finished-at="2026-02-25T01:52:00 CET" duration-ms="59186" status="PASS">
          <reporter-output>
          </reporter-output>
        </test-method> <!-- compressVideo_and_download_and_verify_sizes -->
        <test-method is-config="true" signature="teardown()[pri:0, instance:JpegMiniTest@5876a9af]" started-at="2026-02-25T01:52:00 CET" name="teardown" finished-at="2026-02-25T01:52:00 CET" duration-ms="1" status="PASS">
          <reporter-output>
          </reporter-output>
        </test-method> <!-- teardown -->
      </class> <!-- JpegMiniTest -->
    </test> <!-- JPEGmini -->
  </suite> <!-- Suite -->
</testng-results>
